D:\RICHARD\PCIE_DDR3_PC\PCIE_DDR3\X64\RELEASE\PCIE.OBJ
D:\RICHARD\PCIE_DDR3_PC\PCIE_DDR3\X64\RELEASE\VC110.PDB
D:\RICHARD\PCIE_DDR3_PC\PCIE_DDR3\X64\RELEASE\STDAFX.OBJ
D:\RICHARD\PCIE_DDR3_PC\PCIE_DDR3\X64\RELEASE\PCIE_DDR3.OBJ
D:\RICHARD\PCIE_DDR3_PC\X64\RELEASE\PCIE_DDR3.EXE
D:\RICHARD\PCIE_DDR3_PC\X64\RELEASE\PCIE_DDR3.PDB
D:\richard\PCIe_DDR3_PC\PCIE_DDR3\x64\Release\PCIE.obj
D:\richard\PCIe_DDR3_PC\PCIE_DDR3\x64\Release\PCIE_DDR3.obj
D:\richard\PCIe_DDR3_PC\PCIE_DDR3\x64\Release\stdafx.obj
D:\richard\PCIe_DDR3_PC\PCIE_DDR3\x64\Release\cl.command.1.tlog
D:\richard\PCIe_DDR3_PC\PCIE_DDR3\x64\Release\CL.read.1.tlog
D:\richard\PCIe_DDR3_PC\PCIE_DDR3\x64\Release\CL.write.1.tlog
D:\richard\PCIe_DDR3_PC\PCIE_DDR3\x64\Release\link-cvtres.read.1.tlog
D:\richard\PCIe_DDR3_PC\PCIE_DDR3\x64\Release\link-cvtres.write.1.tlog
D:\richard\PCIe_DDR3_PC\PCIE_DDR3\x64\Release\link-rc.read.1.tlog
D:\richard\PCIe_DDR3_PC\PCIE_DDR3\x64\Release\link-rc.write.1.tlog
D:\richard\PCIe_DDR3_PC\PCIE_DDR3\x64\Release\link.command.1.tlog
D:\richard\PCIe_DDR3_PC\PCIE_DDR3\x64\Release\link.read.1.tlog
D:\richard\PCIe_DDR3_PC\PCIE_DDR3\x64\Release\link.write.1.tlog
D:\richard\PCIe_DDR3_PC\PCIE_DDR3\x64\Release\vc110.pdb
D:\richard\PCIe_DDR3_PC\x64\Release\PCIE_DDR3.pdb
D:\richard\PCIe_DDR3_PC\x64\Release\PCIE_DDR3.exe
