Build started 1/13/2016 3:45:51 PM.
     1>Project "C:\richard\PCIE_DDR3\PCIE_DDR3\PCIE_DDR3.vcxproj" on node 2 (Rebuild target(s)).
     1>ClCompile:
         C:\Program Files (x86)\Microsoft Visual Studio 11.0\VC\bin\x86_amd64\CL.exe /c /Zi /nologo /W3 /WX- /Od /D WIN64 /D _CRT_SECURE_NO_WARNINGS /D _DEBUG /D _CONSOLE /Gm /EHsc /RTC1 /MDd /GS /fp:precise /Zc:wchar_t /Zc:forScope /Fo"x64\Debug\\" /Fd"x64\Debug\vc110.pdb" /Gd /TC /errorReport:prompt PCIE.c
         PCIE.c
         C:\Program Files (x86)\Microsoft Visual Studio 11.0\VC\bin\x86_amd64\CL.exe /c /Zi /nologo /W3 /WX- /Od /D WIN64 /D _CRT_SECURE_NO_WARNINGS /D _DEBUG /D _CONSOLE /Gm /EHsc /RTC1 /MDd /GS /fp:precise /Zc:wchar_t /Zc:forScope /Fo"x64\Debug\\" /Fd"x64\Debug\vc110.pdb" /Gd /TP /errorReport:prompt PCIE_DDR3.cpp stdafx.cpp
         stdafx.cpp
         PCIE_DDR3.cpp
     1>PCIE_DDR3.cpp(87): warning C4101: 'Status' : unreferenced local variable
     1>PCIE_DDR3.cpp(194): warning C4018: '<' : signed/unsigned mismatch
     1>PCIE_DDR3.cpp(214): warning C4018: '<' : signed/unsigned mismatch
     1>PCIE_DDR3.cpp(276): warning C4307: '*' : integral constant overflow
     1>PCIE_DDR3.cpp(279): warning C4307: '*' : integral constant overflow
         Generating Code...
       Link:
         C:\Program Files (x86)\Microsoft Visual Studio 11.0\VC\bin\x86_amd64\link.exe /ERRORREPORT:PROMPT /OUT:"C:\richard\PCIE_DDR3\x64\Debug\PCIE_DDR3.exe" /INCREMENTAL /NOLOGO kernel32.lib user32.lib gdi32.lib winspool.lib comdlg32.lib advapi32.lib shell32.lib ole32.lib oleaut32.lib uuid.lib odbc32.lib odbccp32.lib /MANIFEST /MANIFESTUAC:"level='asInvoker' uiAccess='false'" /manifest:embed /DEBUG /PDB:"C:\richard\PCIE_DDR3\x64\Debug\PCIE_DDR3.pdb" /SUBSYSTEM:CONSOLE /TLBID:1 /DYNAMICBASE /NXCOMPAT /IMPLIB:"C:\richard\PCIE_DDR3\x64\Debug\PCIE_DDR3.lib" /MACHINE:X64 x64\Debug\PCIE.obj
         x64\Debug\PCIE_DDR3.obj
         x64\Debug\stdafx.obj
         PCIE_DDR3.vcxproj -> C:\richard\PCIE_DDR3\x64\Debug\PCIE_DDR3.exe
     1>Done Building Project "C:\richard\PCIE_DDR3\PCIE_DDR3\PCIE_DDR3.vcxproj" (Rebuild target(s)).

Build succeeded.

Time Elapsed 00:00:01.47
