C:\RICHARD\PCIE_DDR3\PCIE_DDR3\X64\DEBUG\PCIE.OBJ
C:\RICHARD\PCIE_DDR3\PCIE_DDR3\X64\DEBUG\VC110.PDB
C:\RICHARD\PCIE_DDR3\PCIE_DDR3\X64\DEBUG\PCIE_DDR3.OBJ
C:\RICHARD\PCIE_DDR3\PCIE_DDR3\X64\DEBUG\STDAFX.OBJ
C:\RICHARD\PCIE_DDR3\X64\DEBUG\PCIE_DDR3.ILK
C:\RICHARD\PCIE_DDR3\X64\DEBUG\PCIE_DDR3.EXE
C:\RICHARD\PCIE_DDR3\X64\DEBUG\PCIE_DDR3.PDB
C:\richard\PCIE_DDR3\PCIE_DDR3\x64\Debug\PCIE.obj
C:\richard\PCIE_DDR3\PCIE_DDR3\x64\Debug\PCIE_DDR3.obj
C:\richard\PCIE_DDR3\PCIE_DDR3\x64\Debug\stdafx.obj
C:\richard\PCIE_DDR3\PCIE_DDR3\x64\Debug\cl.command.1.tlog
C:\richard\PCIE_DDR3\PCIE_DDR3\x64\Debug\CL.read.1.tlog
C:\richard\PCIE_DDR3\PCIE_DDR3\x64\Debug\CL.write.1.tlog
C:\richard\PCIE_DDR3\PCIE_DDR3\x64\Debug\link-cvtres.read.1.tlog
C:\richard\PCIE_DDR3\PCIE_DDR3\x64\Debug\link-cvtres.write.1.tlog
C:\richard\PCIE_DDR3\PCIE_DDR3\x64\Debug\link-rc.read.1.tlog
C:\richard\PCIE_DDR3\PCIE_DDR3\x64\Debug\link-rc.write.1.tlog
C:\richard\PCIE_DDR3\PCIE_DDR3\x64\Debug\link.command.1.tlog
C:\richard\PCIE_DDR3\PCIE_DDR3\x64\Debug\link.read.1.tlog
C:\richard\PCIE_DDR3\PCIE_DDR3\x64\Debug\link.write.1.tlog
C:\richard\PCIE_DDR3\PCIE_DDR3\x64\Debug\vc110.idb
C:\richard\PCIE_DDR3\PCIE_DDR3\x64\Debug\vc110.pdb
C:\richard\PCIE_DDR3\x64\Debug\PCIE_DDR3.pdb
C:\richard\PCIE_DDR3\x64\Debug\PCIE_DDR3.exe
C:\richard\PCIE_DDR3\x64\Debug\PCIE_DDR3.ilk
