C:\RICHARD\PCIE_FUNDAMENTAL\PCIE_FUNDAMENTAL\X64\RELEASE\PCIE.OBJ
C:\RICHARD\PCIE_FUNDAMENTAL\PCIE_FUNDAMENTAL\X64\RELEASE\VC110.PDB
C:\RICHARD\PCIE_FUNDAMENTAL\PCIE_FUNDAMENTAL\X64\RELEASE\STDAFX.OBJ
C:\RICHARD\PCIE_FUNDAMENTAL\PCIE_FUNDAMENTAL\X64\RELEASE\PCIE_FUNDAMENTAL.OBJ
C:\RICHARD\DLL_DEV\PCIE_FUNDAMENTAL\PCIE_FUNDAMENTAL\X64\RELEASE\PCIE.OBJ
C:\RICHARD\DLL_DEV\PCIE_FUNDAMENTAL\PCIE_FUNDAMENTAL\X64\RELEASE\VC110.PDB
C:\RICHARD\DLL_DEV\PCIE_FUNDAMENTAL\PCIE_FUNDAMENTAL\X64\RELEASE\STDAFX.OBJ
C:\RICHARD\DLL_DEV\PCIE_FUNDAMENTAL\PCIE_FUNDAMENTAL\X64\RELEASE\PCIE_FUNDAMENTAL.OBJ
C:\RICHARD\PCIE_FUNDAMENTAL\X64\RELEASE\PCIE_FUNDAMENTAL.EXE
C:\RICHARD\PCIE_FUNDAMENTAL\X64\RELEASE\PCIE_FUNDAMENTAL.PDB
C:\RICHARD\DLL_DEV\PCIE_FUNDAMENTAL\X64\RELEASE\PCIE_FUNDAMENTAL.EXE
C:\RICHARD\DLL_DEV\PCIE_FUNDAMENTAL\X64\RELEASE\PCIE_FUNDAMENTAL.PDB
C:\richard\release_cd\PCIe_SW_KIT\PCIE_FUNDAMENTAL\PCIE_FUNDAMENTAL\x64\Release\PCIE.obj
C:\richard\release_cd\PCIe_SW_KIT\PCIE_FUNDAMENTAL\PCIE_FUNDAMENTAL\x64\Release\PCIE_FUNDAMENTAL.obj
C:\richard\release_cd\PCIe_SW_KIT\PCIE_FUNDAMENTAL\PCIE_FUNDAMENTAL\x64\Release\stdafx.obj
C:\richard\release_cd\PCIe_SW_KIT\PCIE_FUNDAMENTAL\PCIE_FUNDAMENTAL\x64\Release\cl.command.1.tlog
C:\richard\release_cd\PCIe_SW_KIT\PCIE_FUNDAMENTAL\PCIE_FUNDAMENTAL\x64\Release\CL.read.1.tlog
C:\richard\release_cd\PCIe_SW_KIT\PCIE_FUNDAMENTAL\PCIE_FUNDAMENTAL\x64\Release\CL.write.1.tlog
C:\richard\release_cd\PCIe_SW_KIT\PCIE_FUNDAMENTAL\PCIE_FUNDAMENTAL\x64\Release\link-cvtres.read.1.tlog
C:\richard\release_cd\PCIe_SW_KIT\PCIE_FUNDAMENTAL\PCIE_FUNDAMENTAL\x64\Release\link-cvtres.write.1.tlog
C:\richard\release_cd\PCIe_SW_KIT\PCIE_FUNDAMENTAL\PCIE_FUNDAMENTAL\x64\Release\link-rc.read.1.tlog
C:\richard\release_cd\PCIe_SW_KIT\PCIE_FUNDAMENTAL\PCIE_FUNDAMENTAL\x64\Release\link-rc.write.1.tlog
C:\richard\release_cd\PCIe_SW_KIT\PCIE_FUNDAMENTAL\PCIE_FUNDAMENTAL\x64\Release\link.command.1.tlog
C:\richard\release_cd\PCIe_SW_KIT\PCIE_FUNDAMENTAL\PCIE_FUNDAMENTAL\x64\Release\link.read.1.tlog
C:\richard\release_cd\PCIe_SW_KIT\PCIE_FUNDAMENTAL\PCIE_FUNDAMENTAL\x64\Release\link.write.1.tlog
C:\richard\release_cd\PCIe_SW_KIT\PCIE_FUNDAMENTAL\PCIE_FUNDAMENTAL\x64\Release\vc110.pdb
C:\richard\release_cd\PCIe_SW_KIT\PCIE_FUNDAMENTAL\x64\Release\PCIE_FUNDAMENTAL.pdb
C:\richard\release_cd\PCIe_SW_KIT\PCIE_FUNDAMENTAL\x64\Release\PCIE_FUNDAMENTAL.exe
