#! /usr/local/bin/vvp
:ivl_version "10.3 (stable)" "(v10_2)";
:ivl_delay_selection "TYPICAL";
:vpi_time_precision + 0;
:vpi_module "system";
:vpi_module "vhdl_sys";
:vpi_module "v2005_math";
:vpi_module "va_math";
S_0x55e1a6f7a080 .scope module, "tb" "tb" 2 5;
 .timescale 0 0;
L_0x7f8ae4a94018 .functor BUFT 1, C4<11>, C4<0>, C4<0>, C4<0>;
v0x55e1a6f7a200_0 .net "my_valid", 1 0, L_0x7f8ae4a94018;  1 drivers
    .scope S_0x55e1a6f7a080;
T_0 ;
    %vpi_call 2 9 "$display", v0x55e1a6f7a200_0 {0 0 0};
    %end;
    .thread T_0;
# The file index is used to find the file name in the following table.
:file_names 3;
    "N/A";
    "<interactive>";
    "test_defines.v";
